Determining if the pthread_create exist failed with the following output:
Change Dir: /home/amokeson/xgboost/build/CMakeFiles/CMakeTmp

Run Build Command:"/usr/bin/make" "cmTC_308c4/fast"
/usr/bin/make -f CMakeFiles/cmTC_308c4.dir/build.make CMakeFiles/cmTC_308c4.dir/build
make[1]: Entering directory '/home/amokeson/xgboost/build/CMakeFiles/CMakeTmp'
Building C object CMakeFiles/cmTC_308c4.dir/CheckSymbolExists.c.o
/usr/bin/cc    -fPIC  -fPIE   -o CMakeFiles/cmTC_308c4.dir/CheckSymbolExists.c.o   -c /home/amokeson/xgboost/build/CMakeFiles/CMakeTmp/CheckSymbolExists.c
Linking C executable cmTC_308c4
/usr/bin/cmake -E cmake_link_script CMakeFiles/cmTC_308c4.dir/link.txt --verbose=1
/usr/bin/cc  -fPIC     CMakeFiles/cmTC_308c4.dir/CheckSymbolExists.c.o  -o cmTC_308c4 -rdynamic 
CMakeFiles/cmTC_308c4.dir/CheckSymbolExists.c.o: In function `main':
CheckSymbolExists.c:(.text+0x1b): undefined reference to `pthread_create'
collect2: error: ld returned 1 exit status
CMakeFiles/cmTC_308c4.dir/build.make:97: recipe for target 'cmTC_308c4' failed
make[1]: *** [cmTC_308c4] Error 1
make[1]: Leaving directory '/home/amokeson/xgboost/build/CMakeFiles/CMakeTmp'
Makefile:126: recipe for target 'cmTC_308c4/fast' failed
make: *** [cmTC_308c4/fast] Error 2

File /home/amokeson/xgboost/build/CMakeFiles/CMakeTmp/CheckSymbolExists.c:
/* */
#include <pthread.h>

int main(int argc, char** argv)
{
  (void)argv;
#ifndef pthread_create
  return ((int*)(&pthread_create))[argc];
#else
  (void)argc;
  return 0;
#endif
}

Determining if the function pthread_create exists in the pthreads failed with the following output:
Change Dir: /home/amokeson/xgboost/build/CMakeFiles/CMakeTmp

Run Build Command:"/usr/bin/make" "cmTC_ae4b8/fast"
/usr/bin/make -f CMakeFiles/cmTC_ae4b8.dir/build.make CMakeFiles/cmTC_ae4b8.dir/build
make[1]: Entering directory '/home/amokeson/xgboost/build/CMakeFiles/CMakeTmp'
Building C object CMakeFiles/cmTC_ae4b8.dir/CheckFunctionExists.c.o
/usr/bin/cc    -fPIC -DCHECK_FUNCTION_EXISTS=pthread_create -fPIE   -o CMakeFiles/cmTC_ae4b8.dir/CheckFunctionExists.c.o   -c /usr/share/cmake-3.5/Modules/CheckFunctionExists.c
Linking C executable cmTC_ae4b8
/usr/bin/cmake -E cmake_link_script CMakeFiles/cmTC_ae4b8.dir/link.txt --verbose=1
/usr/bin/cc  -fPIC -DCHECK_FUNCTION_EXISTS=pthread_create    CMakeFiles/cmTC_ae4b8.dir/CheckFunctionExists.c.o  -o cmTC_ae4b8 -rdynamic -lpthreads 
/usr/bin/ld: cannot find -lpthreads
collect2: error: ld returned 1 exit status
CMakeFiles/cmTC_ae4b8.dir/build.make:97: recipe for target 'cmTC_ae4b8' failed
make[1]: *** [cmTC_ae4b8] Error 1
make[1]: Leaving directory '/home/amokeson/xgboost/build/CMakeFiles/CMakeTmp'
Makefile:126: recipe for target 'cmTC_ae4b8/fast' failed
make: *** [cmTC_ae4b8/fast] Error 2


